C:\USERS\KARRY\DOCUMENTS\GITHUB\SSIFT\SSIFT\SSIFT\DEBUG\IMGFEAT.OBJ
C:\USERS\KARRY\DOCUMENTS\GITHUB\SSIFT\SSIFT\SSIFT\DEBUG\IMGFEATURES.OBJ
C:\USERS\KARRY\DOCUMENTS\GITHUB\SSIFT\SSIFT\SSIFT\DEBUG\UTILS.OBJ
C:\USERS\KARRY\DOCUMENTS\GITHUB\SSIFT\SSIFT\SSIFT\DEBUG\VC110.PDB
C:\USERS\KARRY\DOCUMENTS\GITHUB\SSIFT\SSIFT\SSIFT\DEBUG\SSIFT.OBJ
C:\USERS\KARRY\DOCUMENTS\GITHUB\SSIFT\SSIFT\SSIFT\DEBUG\MATCH.OBJ
C:\USERS\KARRY\DOCUMENTS\GITHUB\SSIFT\SSIFT\SSIFT\DEBUG\KDTREE.OBJ
C:\USERS\KARRY\DOCUMENTS\GITHUB\SSIFT\SSIFT\SSIFT\DEBUG\XFORM.OBJ
C:\USERS\KARRY\DOCUMENTS\GITHUB\SSIFT\SSIFT\DEBUG\SSIFT.ILK
C:\USERS\KARRY\DOCUMENTS\GITHUB\SSIFT\SSIFT\DEBUG\SSIFT.EXE
C:\USERS\KARRY\DOCUMENTS\GITHUB\SSIFT\SSIFT\DEBUG\SSIFT.PDB
C:\Users\karry\Documents\GitHub\ssift\ssift\ssift\Debug\imgFeat.obj
C:\Users\karry\Documents\GitHub\ssift\ssift\ssift\Debug\imgfeatures.obj
C:\Users\karry\Documents\GitHub\ssift\ssift\ssift\Debug\kdtree.obj
C:\Users\karry\Documents\GitHub\ssift\ssift\ssift\Debug\match.obj
C:\Users\karry\Documents\GitHub\ssift\ssift\ssift\Debug\ssift.obj
C:\Users\karry\Documents\GitHub\ssift\ssift\ssift\Debug\utils.obj
C:\Users\karry\Documents\GitHub\ssift\ssift\ssift\Debug\xform.obj
C:\Users\karry\Documents\GitHub\ssift\ssift\ssift\Debug\cl.command.1.tlog
C:\Users\karry\Documents\GitHub\ssift\ssift\ssift\Debug\CL.read.1.tlog
C:\Users\karry\Documents\GitHub\ssift\ssift\ssift\Debug\CL.write.1.tlog
C:\Users\karry\Documents\GitHub\ssift\ssift\ssift\Debug\link-cvtres.read.1.tlog
C:\Users\karry\Documents\GitHub\ssift\ssift\ssift\Debug\link-cvtres.write.1.tlog
C:\Users\karry\Documents\GitHub\ssift\ssift\ssift\Debug\link-rc.read.1.tlog
C:\Users\karry\Documents\GitHub\ssift\ssift\ssift\Debug\link-rc.write.1.tlog
C:\Users\karry\Documents\GitHub\ssift\ssift\ssift\Debug\link.1928-cvtres.read.1.tlog
C:\Users\karry\Documents\GitHub\ssift\ssift\ssift\Debug\link.1928-cvtres.write.1.tlog
C:\Users\karry\Documents\GitHub\ssift\ssift\ssift\Debug\link.1928-rc.read.1.tlog
C:\Users\karry\Documents\GitHub\ssift\ssift\ssift\Debug\link.1928-rc.write.1.tlog
C:\Users\karry\Documents\GitHub\ssift\ssift\ssift\Debug\link.1928.read.1.tlog
C:\Users\karry\Documents\GitHub\ssift\ssift\ssift\Debug\link.1928.write.1.tlog
C:\Users\karry\Documents\GitHub\ssift\ssift\ssift\Debug\link.command.1.tlog
C:\Users\karry\Documents\GitHub\ssift\ssift\ssift\Debug\link.read.1.tlog
C:\Users\karry\Documents\GitHub\ssift\ssift\ssift\Debug\link.write.1.tlog
C:\Users\karry\Documents\GitHub\ssift\ssift\ssift\Debug\vc110.idb
C:\Users\karry\Documents\GitHub\ssift\ssift\ssift\Debug\vc110.pdb
C:\Users\karry\Documents\GitHub\ssift\ssift\Debug\ssift.pdb
C:\Users\karry\Documents\GitHub\ssift\ssift\Debug\ssift.exe
C:\Users\karry\Documents\GitHub\ssift\ssift\Debug\ssift.ilk
